2021-04-12 21:45:17.453051
target_col:[0, 1, 2, 3, 4, 5]
col:0, extra_unlabeled:4000, w:0.01  val_sc:0.6036, test AUC: 0.5732
col:1, extra_unlabeled:4000, w:0.01  val_sc:0.7160, test AUC: 0.7418
col:2, extra_unlabeled:4000, w:0.01  val_sc:0.0093, test AUC: nan
col:3, extra_unlabeled:4000, w:0.01  val_sc:0.6187, test AUC: 0.6807
col:4, extra_unlabeled:4000, w:0.01  val_sc:0.8365, test AUC: 0.8418
col:5, extra_unlabeled:4000, w:0.01  val_sc:0.7319, test AUC: 0.7315
col:0, extra_unlabeled:4000, w:0.1  val_sc:0.6218, test AUC: 0.5871
col:1, extra_unlabeled:4000, w:0.1  val_sc:0.7159, test AUC: 0.7631
col:2, extra_unlabeled:4000, w:0.1  val_sc:0.0086, test AUC: nan
col:3, extra_unlabeled:4000, w:0.1  val_sc:0.6592, test AUC: 0.6275
col:4, extra_unlabeled:4000, w:0.1  val_sc:0.8504, test AUC: 0.8370
col:5, extra_unlabeled:4000, w:0.1  val_sc:0.7382, test AUC: 0.7405
col:0, extra_unlabeled:4000, w:1  val_sc:0.6143, test AUC: 0.6376
col:1, extra_unlabeled:4000, w:1  val_sc:0.7245, test AUC: 0.7388
col:2, extra_unlabeled:4000, w:1  val_sc:0.0060, test AUC: nan
col:3, extra_unlabeled:4000, w:1  val_sc:0.6593, test AUC: 0.6199
col:4, extra_unlabeled:4000, w:1  val_sc:0.8687, test AUC: 0.8325
col:5, extra_unlabeled:4000, w:1  val_sc:0.7605, test AUC: 0.6953
col:0, extra_unlabeled:4000, w:10  val_sc:0.6084, test AUC: 0.6329
col:1, extra_unlabeled:4000, w:10  val_sc:0.7519, test AUC: 0.7283
col:2, extra_unlabeled:4000, w:10  val_sc:0.0059, test AUC: nan
col:3, extra_unlabeled:4000, w:10  val_sc:0.6397, test AUC: 0.5955
col:4, extra_unlabeled:4000, w:10  val_sc:0.8734, test AUC: 0.8389
col:5, extra_unlabeled:4000, w:10  val_sc:0.7706, test AUC: 0.6960
col:0, extra_unlabeled:4000, w:100  val_sc:0.5960, test AUC: 0.6467
col:1, extra_unlabeled:4000, w:100  val_sc:0.7622, test AUC: 0.7330
col:2, extra_unlabeled:4000, w:100  val_sc:0.0045, test AUC: nan
col:3, extra_unlabeled:4000, w:100  val_sc:0.6901, test AUC: 0.6338
col:4, extra_unlabeled:4000, w:100  val_sc:0.8710, test AUC: 0.8214
col:5, extra_unlabeled:4000, w:100  val_sc:0.7964, test AUC: 0.7298
col:0, extra_unlabeled:4000, w:1000  val_sc:0.5883, test AUC: 0.6398
col:1, extra_unlabeled:4000, w:1000  val_sc:0.7666, test AUC: 0.7536
col:2, extra_unlabeled:4000, w:1000  val_sc:0.0043, test AUC: nan
col:3, extra_unlabeled:4000, w:1000  val_sc:0.7161, test AUC: 0.6264
col:4, extra_unlabeled:4000, w:1000  val_sc:0.8785, test AUC: 0.8285
col:5, extra_unlabeled:4000, w:1000  val_sc:0.7784, test AUC: 0.7273
