2021-04-14 14:02:24.026762
target_col:[0, 1, 2, 3, 4, 5]


col:0, extra_unlabeled:8000, w:0.01  val_sc:0.6442             test AUC: 0.7056
col:1, extra_unlabeled:8000, w:0.01  val_sc:0.6971             test AUC: 0.8867
col:2, extra_unlabeled:8000, w:0.01  val_sc:0.0311             test AUC: 0.0042
col:3, extra_unlabeled:8000, w:0.01  val_sc:0.7026             test AUC: 0.5998
col:4, extra_unlabeled:8000, w:0.01  val_sc:0.8961             test AUC: 0.8820
col:5, extra_unlabeled:8000, w:0.01  val_sc:0.7458             test AUC: 0.8141


col:0, extra_unlabeled:8000, w:0.1  val_sc:0.5718             test AUC: 0.7532
col:1, extra_unlabeled:8000, w:0.1  val_sc:0.7041             test AUC: 0.8013
col:2, extra_unlabeled:8000, w:0.1  val_sc:0.0431             test AUC: 0.0039
col:3, extra_unlabeled:8000, w:0.1  val_sc:0.7512             test AUC: 0.6197
col:4, extra_unlabeled:8000, w:0.1  val_sc:0.8231             test AUC: 0.8274
col:5, extra_unlabeled:8000, w:0.1  val_sc:0.7920             test AUC: 0.8203


col:0, extra_unlabeled:8000, w:1  val_sc:0.6575             test AUC: 0.7457
col:1, extra_unlabeled:8000, w:1  val_sc:0.8007             test AUC: 0.7526
col:2, extra_unlabeled:8000, w:1  val_sc:nan             test AUC: nan
col:3, extra_unlabeled:8000, w:1  val_sc:0.7230             test AUC: 0.7480
col:4, extra_unlabeled:8000, w:1  val_sc:0.8901             test AUC: 0.8665
col:5, extra_unlabeled:8000, w:1  val_sc:0.7397             test AUC: 0.8066


col:0, extra_unlabeled:8000, w:10  val_sc:0.6542             test AUC: 0.6873
col:1, extra_unlabeled:8000, w:10  val_sc:0.7194             test AUC: 0.8621
col:2, extra_unlabeled:8000, w:10  val_sc:0.1237             test AUC: 0.0078
col:3, extra_unlabeled:8000, w:10  val_sc:0.7298             test AUC: 0.5939
col:4, extra_unlabeled:8000, w:10  val_sc:0.8770             test AUC: 0.8831
col:5, extra_unlabeled:8000, w:10  val_sc:0.7466             test AUC: 0.7986


col:0, extra_unlabeled:8000, w:100  val_sc:0.6193             test AUC: 0.7198
col:1, extra_unlabeled:8000, w:100  val_sc:0.7177             test AUC: 0.8500
col:2, extra_unlabeled:8000, w:100  val_sc:0.0322             test AUC: 0.0179
col:3, extra_unlabeled:8000, w:100  val_sc:0.7196             test AUC: 0.5708
col:4, extra_unlabeled:8000, w:100  val_sc:0.8915             test AUC: 0.8898
col:5, extra_unlabeled:8000, w:100  val_sc:0.7500             test AUC: 0.8309


col:0, extra_unlabeled:8000, w:1000  val_sc:0.6365             test AUC: 0.7116
