2021-04-12 15:06:31.101548
target_col:[0, 1, 2, 3, 4, 5]
col:0, extra_unlabeled:8000, w:0.01  val_sc:0.6222, test AUC: 0.7391
col:1, extra_unlabeled:8000, w:0.01  val_sc:0.7035, test AUC: 0.8520
col:2, extra_unlabeled:8000, w:0.01  val_sc:0.0141, test AUC: nan
col:3, extra_unlabeled:8000, w:0.01  val_sc:0.7377, test AUC: 0.7656
col:4, extra_unlabeled:8000, w:0.01  val_sc:0.8612, test AUC: 0.8749
col:5, extra_unlabeled:8000, w:0.01  val_sc:0.7111, test AUC: 0.8252
col:0, extra_unlabeled:8000, w:0.1  val_sc:0.6580, test AUC: 0.6874
col:1, extra_unlabeled:8000, w:0.1  val_sc:0.7045, test AUC: 0.8668
col:2, extra_unlabeled:8000, w:0.1  val_sc:0.0237, test AUC: nan
col:3, extra_unlabeled:8000, w:0.1  val_sc:0.6917, test AUC: 0.7409
col:4, extra_unlabeled:8000, w:0.1  val_sc:0.8687, test AUC: 0.8452
col:5, extra_unlabeled:8000, w:0.1  val_sc:0.7318, test AUC: 0.8294
col:0, extra_unlabeled:8000, w:1  val_sc:0.6051, test AUC: 0.6677
col:1, extra_unlabeled:8000, w:1  val_sc:0.7016, test AUC: 0.8671
col:2, extra_unlabeled:8000, w:1  val_sc:0.0123, test AUC: nan
col:3, extra_unlabeled:8000, w:1  val_sc:0.7295, test AUC: 0.6953
col:4, extra_unlabeled:8000, w:1  val_sc:0.8819, test AUC: 0.8365
col:5, extra_unlabeled:8000, w:1  val_sc:0.7568, test AUC: 0.8503
col:0, extra_unlabeled:8000, w:10  val_sc:0.6888, test AUC: 0.6829
col:1, extra_unlabeled:8000, w:10  val_sc:0.7263, test AUC: 0.8615
col:2, extra_unlabeled:8000, w:10  val_sc:0.0145, test AUC: nan
col:3, extra_unlabeled:8000, w:10  val_sc:0.7542, test AUC: 0.7350
col:4, extra_unlabeled:8000, w:10  val_sc:0.8607, test AUC: 0.8565
col:5, extra_unlabeled:8000, w:10  val_sc:0.7372, test AUC: 0.8621
col:0, extra_unlabeled:8000, w:100  val_sc:0.6869, test AUC: 0.6996
col:1, extra_unlabeled:8000, w:100  val_sc:0.7414, test AUC: 0.8631
col:2, extra_unlabeled:8000, w:100  val_sc:0.0226, test AUC: nan
col:3, extra_unlabeled:8000, w:100  val_sc:0.7528, test AUC: 0.7141
col:4, extra_unlabeled:8000, w:100  val_sc:0.8680, test AUC: 0.8330
col:5, extra_unlabeled:8000, w:100  val_sc:0.7552, test AUC: 0.8695
col:0, extra_unlabeled:8000, w:1000  val_sc:0.6934, test AUC: 0.7194
col:1, extra_unlabeled:8000, w:1000  val_sc:0.7841, test AUC: 0.8486
col:2, extra_unlabeled:8000, w:1000  val_sc:0.0364, test AUC: nan
col:3, extra_unlabeled:8000, w:1000  val_sc:0.6942, test AUC: 0.7075
col:4, extra_unlabeled:8000, w:1000  val_sc:0.8677, test AUC: 0.8257
col:5, extra_unlabeled:8000, w:1000  val_sc:0.7641, test AUC: 0.8514
