target_col:[0, 1, 2, 3, 4, 5]
train_num = 9141, test_num = 286
w:400
col:0   num_labelled:1141   num_unlabelled:8000
test AUC: 0.6646
col:1   num_labelled:1141   num_unlabelled:8000
test AUC: 0.6100
col:2   num_labelled:1141   num_unlabelled:8000
test AUC: 0.2521
col:3   num_labelled:1141   num_unlabelled:8000
test AUC: 0.5174
col:4   num_labelled:1141   num_unlabelled:8000
test AUC: 0.6446
col:5   num_labelled:1141   num_unlabelled:8000
test AUC: 0.5976
w:700
col:0   num_labelled:1141   num_unlabelled:8000
test AUC: 0.6732
col:1   num_labelled:1141   num_unlabelled:8000
test AUC: 0.6028
col:2   num_labelled:1141   num_unlabelled:8000
test AUC: 0.3922
col:3   num_labelled:1141   num_unlabelled:8000
test AUC: 0.5365
col:4   num_labelled:1141   num_unlabelled:8000
test AUC: 0.6531
col:5   num_labelled:1141   num_unlabelled:8000
test AUC: 0.5939
