target_col:[0, 1, 2, 3, 4, 5]
train_num = 9141, test_num = 286
w:40
col:0   num_labelled:1141   num_unlabelled:8000
test AUC: 0.6496
col:1   num_labelled:1141   num_unlabelled:8000
test AUC: 0.6266
col:2   num_labelled:1141   num_unlabelled:8000
test AUC: 0.2226
col:3   num_labelled:1141   num_unlabelled:8000
test AUC: 0.5702
col:4   num_labelled:1141   num_unlabelled:8000
test AUC: 0.6790
col:5   num_labelled:1141   num_unlabelled:8000
test AUC: 0.6216
w:70
col:0   num_labelled:1141   num_unlabelled:8000
test AUC: 0.6716
col:1   num_labelled:1141   num_unlabelled:8000
test AUC: 0.6249
col:2   num_labelled:1141   num_unlabelled:8000
test AUC: 0.4240
col:3   num_labelled:1141   num_unlabelled:8000
test AUC: 0.5553
col:4   num_labelled:1141   num_unlabelled:8000
test AUC: 0.6724
col:5   num_labelled:1141   num_unlabelled:8000
test AUC: 0.6481
