target_col:[0, 1, 2, 3, 4, 5]
train_num = 9141, test_num = 286
w:400
col:0   num_labelled:1141   num_unlabelled:8000
test AUC: 0.6671
col:1   num_labelled:1141   num_unlabelled:8000
test AUC: 0.6130
col:2   num_labelled:1141   num_unlabelled:8000
test AUC: 0.2073
col:3   num_labelled:1141   num_unlabelled:8000
test AUC: 0.5372
col:4   num_labelled:1141   num_unlabelled:8000
test AUC: 0.6869
col:5   num_labelled:1141   num_unlabelled:8000
test AUC: 0.6204
w:700
col:0   num_labelled:1141   num_unlabelled:8000
test AUC: 0.6661
col:1   num_labelled:1141   num_unlabelled:8000
test AUC: 0.6126
col:2   num_labelled:1141   num_unlabelled:8000
test AUC: 0.3180
col:3   num_labelled:1141   num_unlabelled:8000
test AUC: 0.5489
col:4   num_labelled:1141   num_unlabelled:8000
test AUC: 0.7000
col:5   num_labelled:1141   num_unlabelled:8000
test AUC: 0.6251
